d:\zewail 1st year\summer 2025\data structure and algorithms\project\project (2)\project\restaurant_management_system\x64\debug\vc143.pdb
d:\zewail 1st year\summer 2025\data structure and algorithms\project\project (2)\project\restaurant_management_system\x64\debug\vc143.idb
d:\zewail 1st year\summer 2025\data structure and algorithms\project\project (2)\project\restaurant_management_system\x64\debug\ui.obj
d:\zewail 1st year\summer 2025\data structure and algorithms\project\project (2)\project\restaurant_management_system\x64\debug\restaurant.obj
d:\zewail 1st year\summer 2025\data structure and algorithms\project\project (2)\project\restaurant_management_system\x64\debug\promoteevent.obj
d:\zewail 1st year\summer 2025\data structure and algorithms\project\project (2)\project\restaurant_management_system\x64\debug\order.obj
d:\zewail 1st year\summer 2025\data structure and algorithms\project\project (2)\project\restaurant_management_system\x64\debug\main.obj
d:\zewail 1st year\summer 2025\data structure and algorithms\project\project (2)\project\restaurant_management_system\x64\debug\event.obj
d:\zewail 1st year\summer 2025\data structure and algorithms\project\project (2)\project\restaurant_management_system\x64\debug\chief.obj
d:\zewail 1st year\summer 2025\data structure and algorithms\project\project (2)\project\restaurant_management_system\x64\debug\cancelevent.obj
d:\zewail 1st year\summer 2025\data structure and algorithms\project\project (2)\project\restaurant_management_system\x64\debug\arrivalevent.obj
d:\zewail 1st year\summer 2025\data structure and algorithms\project\project (2)\project\restaurant_management_system\x64\debug\healthemergencyevent.obj
d:\zewail 1st year\summer 2025\data structure and algorithms\project\project (2)\project\x64\debug\restaurant_management_system.exe
d:\zewail 1st year\summer 2025\data structure and algorithms\project\project (2)\project\x64\debug\restaurant_management_system.pdb
d:\zewail 1st year\summer 2025\data structure and algorithms\project\project (2)\project\restaurant_management_system\x64\debug\restaurant_management_system.ilk
d:\zewail 1st year\summer 2025\data structure and algorithms\project\project (2)\project\restaurant_management_system\x64\debug\arrivalevent.obj.enc
d:\zewail 1st year\summer 2025\data structure and algorithms\project\project (2)\project\restaurant_management_system\x64\debug\cancelevent.obj.enc
d:\zewail 1st year\summer 2025\data structure and algorithms\project\project (2)\project\restaurant_management_system\x64\debug\event.obj.enc
d:\zewail 1st year\summer 2025\data structure and algorithms\project\project (2)\project\restaurant_management_system\x64\debug\healthemergencyevent.obj.enc
d:\zewail 1st year\summer 2025\data structure and algorithms\project\project (2)\project\restaurant_management_system\x64\debug\main.obj.enc
d:\zewail 1st year\summer 2025\data structure and algorithms\project\project (2)\project\restaurant_management_system\x64\debug\promoteevent.obj.enc
d:\zewail 1st year\summer 2025\data structure and algorithms\project\project (2)\project\restaurant_management_system\x64\debug\restaurant.obj.enc
d:\zewail 1st year\summer 2025\data structure and algorithms\project\project (2)\project\restaurant_management_system\x64\debug\ui.obj.enc
d:\zewail 1st year\summer 2025\data structure and algorithms\project\project (2)\project\restaurant_management_system\x64\debug\restaura.95603ba5.tlog\cl.command.1.tlog
d:\zewail 1st year\summer 2025\data structure and algorithms\project\project (2)\project\restaurant_management_system\x64\debug\restaura.95603ba5.tlog\cl.items.tlog
d:\zewail 1st year\summer 2025\data structure and algorithms\project\project (2)\project\restaurant_management_system\x64\debug\restaura.95603ba5.tlog\cl.read.1.tlog
d:\zewail 1st year\summer 2025\data structure and algorithms\project\project (2)\project\restaurant_management_system\x64\debug\restaura.95603ba5.tlog\cl.write.1.tlog
d:\zewail 1st year\summer 2025\data structure and algorithms\project\project (2)\project\restaurant_management_system\x64\debug\restaura.95603ba5.tlog\link.command.1.tlog
d:\zewail 1st year\summer 2025\data structure and algorithms\project\project (2)\project\restaurant_management_system\x64\debug\restaura.95603ba5.tlog\link.read.1.tlog
d:\zewail 1st year\summer 2025\data structure and algorithms\project\project (2)\project\restaurant_management_system\x64\debug\restaura.95603ba5.tlog\link.secondary.1.tlog
d:\zewail 1st year\summer 2025\data structure and algorithms\project\project (2)\project\restaurant_management_system\x64\debug\restaura.95603ba5.tlog\link.write.1.tlog
